### ISSUE TITLE
hamr-linux-x64  v1.1 crashes upon launch - Illegal instruction  (core dumped)

### ISSUE THREAD

**Issue by signedXNOR** [p2r3/ha.mr#80]
my os: arch linux (all packages up to date)

what running hamr-linux-x64 looks like for me:
```
# ./hamr-linux-x64 youtube.com/watch?v=12345678901
Illegal instruction        (core dumped) ./hamr-linux-x64 youtube.com/watch?v=12345678901
```

ironically, using the windows version with wine works better than the linux native:
```
# wine hamr-windows-x64.exe youtube.com/watch?v=12345678901 emoji encode 2>/dev/null
http://ha.mr#🧙🏿‍♂️⛹🏼🚶‍♀️🗝️✝️🧑🏾‍🤝‍🧑🏼🧉👋👩🏿‍🫯‍👩🏾
```

yes version 1.0 also crashes
not sure what could be causing the problem
any help would be greatly appreciated <3

**Comment by craftxbox** [comment]
Can reproduce on Ubuntu 22.04.3 LTS

<details>
<summary> GDB Trace </summary>

```  
GNU gdb (Ubuntu 12.1-0ubuntu1~22.04.2) 12.1
Copyright (C) 2022 Free Software Foundation, Inc.
License GPLv3+: GNU GPL version 3 or later <http://gnu.org/licenses/gpl.html>
This is free software: you are free to change and redistribute it.
There is NO WARRANTY, to the extent permitted by law.
Type "show copying" and "show warranty" for details.
This GDB was configured as "x86_64-linux-gnu".
Type "show configuration" for configuration details.
For bug reporting instructions, please see:
<https://www.gnu.org/software/gdb/bugs/>.
Find the GDB manual and other documentation resources online at:
    <http://www.gnu.org/software/gdb/documentation/>.

For help, type "help".
Type "apropos word" to search for commands related to "word"...
Reading symbols from ./hamr-linux-x64...
(No debugging symbols found in ./hamr-linux-x64)
(gdb) run youtube.com/watch?v=12345678901
Starting program: /home/craftxbox/hamr-linux-x64 youtube.com/watch?v=12345678901
[Thread debugging using libthread_db enabled]
Using host libthread_db library "/lib/x86_64-linux-gnu/libthread_db.so.1".

Program received signal SIGILL, Illegal instruction.
0x0000000003caa865 in ?? ()
(gdb) bt
#0  0x0000000003caa865 in ?? ()
#1  0x0000000003cb47c4 in ?? ()
#2  0x0000000000000001 in ?? ()
#3  0x00007ffff7fbc708 in ?? ()
#4  0x0000000000000001 in ?? ()
#5  0x0000000000000000 in ?? ()
(gdb) x/5i $pc - 8
   0x3caa85d:   pop    %rsp
   0x3caa85e:   pop    %r13
   0x3caa860:   pop    %r14
   0x3caa862:   pop    %r15
   0x3caa864:   pop    %rbp
(gdb) info registers
rax            0x5c99b30           97098544
rbx            0x4909f1            4786673
rcx            0x0                 0
rdx            0x0                 0
rsi            0x10                16
rdi            0x53                83
rbp            0x7fffffffe830      0x7fffffffe830
rsp            0x7fffffffe378      0x7fffffffe378
r8             0x6d                109
r9             0x4d                77
r10            0x1b                27
r11            0x6d                109
r12            0x2                 2
r13            0x7fffffffe9d8      140737488349656
r14            0x7ffff7c7a200      140737350443520
r15            0x5cb4378           97207160
rip            0x3caa865           0x3caa865
eflags         0x10206             [ PF IF RF ]
cs             0x33                51
ss             0x2b                43
ds             0x0                 0
es             0x0                 0
fs             0x0                 0
gs             0x0                 0
(gdb) set disassemble-next-line on
(gdb) x/10i $pc - 16
   0x3caa855:   add    $0xb8,%esp
   0x3caa85b:   pop    %rbx
   0x3caa85c:   pop    %r12
   0x3caa85e:   pop    %r13
   0x3caa860:   pop    %r14
   0x3caa862:   pop    %r15
   0x3caa864:   pop    %rbp
=> 0x3caa865:   vzeroupper
   0x3caa868:   ret
   0x3caa869:   xor    %edx,%edx
(gdb)
```

</details>

Appears to be caused by a lack of AVX support on your CPU

**Comment by p2r3** [comment]
I'll rebuild later with legacy support.

**Comment by p2r3** [comment]
Turns out that's not an option anymore, great. I can't fix this on my end, sorry. (What prehistoric CPU are you on??)
